<!DOCTYPE html>
<html>
  <head>
        <title>did:key Method Interoperability Report 1.0</title>
        <meta http-equiv='Content-Type' content='text/html;charset=utf-8'/>
        <!--
          === NOTA BENE ===
          For the three scripts below, if your spec resides on dev.w3 you can check them
          out in the same tree and use relative links so that they'll work offline,
         -->
       <script src="https://www.w3.org/Tools/respec/respec-w3c" class="remove" defer></script>
        <script type="text/javascript" class="remove">
          // set this in the config section
          var respecConfig = {
      "specStatus": "unofficial",
      "shortName": "did-key-test-suite",
      "subtitle": "Interoperability Report for did:key Method",
      "github": "https://github.com/w3c-ccg/did-key-test-suite",
      "edDraftURI": "https://w3c-ccg.github.io/did-key-test-suite/",
      "doJsonLd": true,
      "includePermalinks": false,
      "editors": [
        {
          "name": "Andrew Jones",
          "url": "https://github.com/aljones15",
          "company": "Digital Bazaar",
          "companyURL": "http://digitalbazaar.com/"
        }
      ],
      "authors": [
        {
          "name": "Andrew Jones",
          "url": "https://github.com/aljones15",
          "company": "Digital Bazaar",
          "companyURL": "http://digitalbazaar.com/"
        },
        {
          "name": "Manu Sporny",
          "url": "http://manu.sporny.org/",
          "company": "Digital Bazaar",
          "companyURL": "http://digitalbazaar.com/"
        }
      ]
    };
        </script>
        <style>
    .passed {
      font-weight: bold;
      background-color: lightgreen;
    }
    .failed {
      font-weight: bold;
      background-color: pink;
    }
    .pending {
      font-weight: bold;
      background-color: #cdeaed;
    }
    .unimplemented, .notImplemented {
      font-weight: bold;
      background-color: lightyellow;
    }
    .flex-center {
      display: flex;
      align-items: center;
      justify-content: center;
      width: fit-content;
    }
    .at-risk {
      outline: thin #c45e0a solid;
    }
    
        </style>
  </head>
  <body>
    <!-- these are not in <head> in order to override Respec injected styles -->
    <style>
      .hide {
        display: none;
      }
      details.hide {
        display: none;
      }
      .err {
        position: absolute;
        z-index: 1;
        white-space: nowrap;
        background: white;
        border: 1px solid darkgray;
        text-align: left;
        padding: .1em .5em;
        box-shadow: 0 0 5px darkgray;
        min-width: 25em;
      }
      span.err,
      details.err summary {
        color: indianred;
      }
      .no-space-around {
        margin: 0;
        padding: 0;
      }
      pre {
        width: 75%;
        white-space: pre-line;
        word-break: break-all;
        margin: 0;
        padding: 0;
        background: white;
      }
      code > span.hljs-attr {
        margin-left: 1rem;
      }
      .no-wrap {
        white-space: nowrap;
      }
      td.optional {
        background-color: #b9b7b7;
      }
      .text-right {
        text-align: right;
      }
      .text-left {
        text-align: left;
      }
      .text-center, th.text-center {
        text-align: center;
      }
      .qr-code {
        margin-left: 25px;
      }
      .row {
        display: flex;
        justify-content: space-between;
        align-items: center;
      }
      .small-font {
        font-size: 0.75rem;
      }
      .highlight-on-hover:hover {
        background-color: yellow;
        cursor: default;
      }
      .highlight-on-hover:hover + .relative-pos > .err {
        display: block;
      }
      pre, code.hljs {
        overflow: auto;
      }
      .relative-pos {
        position: relative;
        width: 0.5rem;
        height: 0.5rem;
        z-index: 1;
      }
      .relative-pos:hover > .err {
        display: block;
      }
    </style>
    <section id="abstract">
      <p>
      The purpose of this test suite is to demonstrate a path to interoperability
      for the <a href="https://w3c-ccg.github.io/did-method-key/">did:key Method</a>.
      The technologies explored in this test suite are experimental. This document
      contains the most recent interoperability report for did:key Method.
      This report is auto-generated.
      </p>
    </section>
    <section id="sotd">
    </section>
    
    <section class="informative" id="conformance-testing-results">
      <h2> Conformance Testing Results </h2>
      <p>
      Tests passed 24/45 53%
      </p>
      <p>
      Tests failed 21/45 47%
      </p>
      <p>
      Failures 21
      </p>
      <p>
      Tests skipped 3
      </p>
      <p>
      Total tests 48
      </p>
      <p>
        These tests were run on <time>1 December 2024 at 5:18 am UTC</time>
      </p>
      <section class="informative" id="Key">
        <h3>Key</h3>
        <table>
          <tr>
            <td class="pending not-optional highlight-on-hover text-center">
              <div class="highlight-on-hover">üö´</div>
            </td>
            <td>Pending</td>
          </tr>
          <tr>
            <td class="passed not-optional highlight-on-hover text-center">
              <div class="highlight-on-hover">‚úì</div>
            </td>
            <td>Passed</td>
          </tr>
          <tr>
            <td class="failed not-optional highlight-on-hover text-center">
              <div class="highlight-on-hover">‚ùå</div>
            </td>
            <td>Failed</td>
          </tr>
          <tr>
            <td class="accessDenied not-optional highlight-on-hover text-center">
              <div class="highlight-on-hover">‚äò</div>
            </td>
            <td>Access Denied</td>
          </tr>
          <tr>
            <td class="timeout not-optional highlight-on-hover text-center">
              <div class="highlight-on-hover">‚è±</div>
            </td>
            <td>Timeout</td>
          </tr>
          <tr>
            <td class="notImplemented not-optional highlight-on-hover text-center">
              <div class="highlight-on-hover">‚Äî</div>
            </td>
            <td>Not Implemented</td>
          </tr>
        </table>
      </section>
    
      <p>
      The results of the tests are shown below:
      </p>
    </section>
    <section id="conformance">
      <!--- This will take the tests and display them as matrices -->
        <section class="informative" id="did:key Create Operation">
          <h2>did:key Create Operation</h2>
          <div class="row">
            <table class="simple">
              <thead>
                <th width="20%">
                  <div class="text-right small-font">
                  did:key Resolver &#8658;
                  </div>
                  <div class="text-left small-font">
                  <span>&#8659;</span><span>Test Name</span>
                  </div>
                </th>
                    <th class="no-wrap small-font text-center">Danube Tech</th>
                    <th class="no-wrap small-font text-center">Digital Bazaar</th>
                    <th class="no-wrap small-font text-center">SpruceID</th>
                </thead>
              <tbody>
              <tr class="confirmed">
                <!--This is the name of the test-->
                <td class="subtest">
                    The scheme MUST be the value &#x60;did&#x60;
                </td>
                <!--These contain if the test passed, failed, or was skipped-->
                  <td class="passed not-optional highlight-on-hover text-center">
                    <div class= "highlight-on-hover">‚úì</div>
                    <div class="relative-pos">
                    </div>
                  </td>
                  <td class="passed not-optional highlight-on-hover text-center">
                    <div class= "highlight-on-hover">‚úì</div>
                    <div class="relative-pos">
                    </div>
                  </td>
                  <td class="passed not-optional highlight-on-hover text-center">
                    <div class= "highlight-on-hover">‚úì</div>
                    <div class="relative-pos">
                    </div>
                  </td>
              </tr>
              <tr class="confirmed">
                <!--This is the name of the test-->
                <td class="subtest">
                    MUST raise &#x60;invalidDid&#x60; error if scheme is not &#x60;did&#x60;
                </td>
                <!--These contain if the test passed, failed, or was skipped-->
                  <td class="passed not-optional highlight-on-hover text-center">
                    <div class= "highlight-on-hover">‚úì</div>
                    <div class="relative-pos">
                    </div>
                  </td>
                  <td class="passed not-optional highlight-on-hover text-center">
                    <div class= "highlight-on-hover">‚úì</div>
                    <div class="relative-pos">
                    </div>
                  </td>
                  <td class="failed not-optional highlight-on-hover text-center">
                    <div class= "highlight-on-hover">‚ùå</div>
                    <div class="relative-pos">
                      <details class="err hide">
                        <summary>Expected an error with data: expected undefined to exist</summary>
                        <pre>AssertionError: Expected an error with data: expected undefined to exist
                        at should.exist (node_modules/chai/lib/chai/interface/should.js:144:34)
                        at shouldErrorWithData (file:///home/runner/work/did-key-test-suite/did-key-test-suite/tests/assertions.js:36:10)
                        at Context.&lt;anonymous&gt; (file:///home/runner/work/did-key-test-suite/did-key-test-suite/tests/10-create.js:69:11)
                        at process.processTicksAndRejections (node:internal/process/task_queues:95:5)</pre>
                      </details>
                    </div>
                  </td>
              </tr>
              <tr class="confirmed">
                <!--This is the name of the test-->
                <td class="subtest">
                    The method MUST be the value &#x60;key&#x60;
                </td>
                <!--These contain if the test passed, failed, or was skipped-->
                  <td class="passed not-optional highlight-on-hover text-center">
                    <div class= "highlight-on-hover">‚úì</div>
                    <div class="relative-pos">
                    </div>
                  </td>
                  <td class="passed not-optional highlight-on-hover text-center">
                    <div class= "highlight-on-hover">‚úì</div>
                    <div class="relative-pos">
                    </div>
                  </td>
                  <td class="passed not-optional highlight-on-hover text-center">
                    <div class= "highlight-on-hover">‚úì</div>
                    <div class="relative-pos">
                    </div>
                  </td>
              </tr>
              <tr class="at-risk">
                <!--This is the name of the test-->
                <td class="subtest">
                    MUST raise &#x60;methodNotSupported&#x60; error if method is not &#x60;key&#x60;
                </td>
                <!--These contain if the test passed, failed, or was skipped-->
                  <td class="passed not-optional highlight-on-hover text-center">
                    <div class= "highlight-on-hover">‚úì</div>
                    <div class="relative-pos">
                    </div>
                  </td>
                  <td class="failed not-optional highlight-on-hover text-center">
                    <div class= "highlight-on-hover">‚ùå</div>
                    <div class="relative-pos">
                      <details class="err hide">
                        <summary>expected &#x27;invalidDid&#x27; to equal &#x27;methodNotSupported&#x27;</summary>
                        <pre>AssertionError: expected &#x27;invalidDid&#x27; to equal &#x27;methodNotSupported&#x27;
                        at _shouldHaveMetadataError (file:///home/runner/work/did-key-test-suite/did-key-test-suite/tests/assertions.js:87:31)
                        at shouldHaveDidResolutionError (file:///home/runner/work/did-key-test-suite/did-key-test-suite/tests/assertions.js:40:10)
                        at Context.&lt;anonymous&gt; (file:///home/runner/work/did-key-test-suite/did-key-test-suite/tests/10-create.js:95:11)
                        at process.processTicksAndRejections (node:internal/process/task_queues:95:5)</pre>
                      </details>
                    </div>
                  </td>
                  <td class="failed not-optional highlight-on-hover text-center">
                    <div class= "highlight-on-hover">‚ùå</div>
                    <div class="relative-pos">
                      <details class="err hide">
                        <summary>Expected no response: expected Response { status: 200, statusText: &#x27;OK&#x27;, headers: Headers { date: &#x27;Sun, 01 Dec 2024 05:18:16 GMT&#x27;, &#x27;content-type&#x27;: &#x27;application/ld+json;profile&#x3D;&quot;https://w3id.org/did-resolution&quot;&#x27;, &#x27;content-length&#x27;: &#x27;42&#x27;, connection: &#x27;keep-alive&#x27;, &#x27;cf-cache-status&#x27;: &#x27;DYNAMIC&#x27;, server: &#x27;cloudflare&#x27;, &#x27;cf-ray&#x27;: &#x27;8eb09d98b8927e2a-SJC&#x27;, Authorization: &#x27;** SANITIZED TO PREVENT EXPOSING OF SECRETS ***&#x27; }, body: ReadableStream { locked: false, state: &#x27;readable&#x27;, supportsBYOB: true }, bodyUsed: false, ok: true, redirected: false, type: &#x27;default&#x27;, url: &#x27;&#x27; } to not exist</summary>
                        <pre>AssertionError: Expected no response: expected Response { status: 200, statusText: &#x27;OK&#x27;, headers: Headers { date: &#x27;Sun, 01 Dec 2024 05:18:16 GMT&#x27;, &#x27;content-type&#x27;: &#x27;application/ld+json;profile&#x3D;&quot;https://w3id.org/did-resolution&quot;&#x27;, &#x27;content-length&#x27;: &#x27;42&#x27;, connection: &#x27;keep-alive&#x27;, &#x27;cf-cache-status&#x27;: &#x27;DYNAMIC&#x27;, server: &#x27;cloudflare&#x27;, &#x27;cf-ray&#x27;: &#x27;8eb09d98b8927e2a-SJC&#x27;, Authorization: &#x27;** SANITIZED TO PREVENT EXPOSING OF SECRETS ***&#x27; }, body: ReadableStream { locked: false, state: &#x27;readable&#x27;, supportsBYOB: true }, bodyUsed: false, ok: true, redirected: false, type: &#x27;default&#x27;, url: &#x27;&#x27; } to not exist
                        at should.not.exist (node_modules/chai/lib/chai/interface/should.js:208:38)
                        at shouldErrorWithData (file:///home/runner/work/did-key-test-suite/did-key-test-suite/tests/assertions.js:34:14)
                        at Context.&lt;anonymous&gt; (file:///home/runner/work/did-key-test-suite/did-key-test-suite/tests/10-create.js:92:11)
                        at process.processTicksAndRejections (node:internal/process/task_queues:95:5)</pre>
                      </details>
                    </div>
                  </td>
              </tr>
              <tr class="confirmed">
                <!--This is the name of the test-->
                <td class="subtest">
                    The version MUST be convertible to a positive integer value
                </td>
                <!--These contain if the test passed, failed, or was skipped-->
                  <td class="passed not-optional highlight-on-hover text-center">
                    <div class= "highlight-on-hover">‚úì</div>
                    <div class="relative-pos">
                    </div>
                  </td>
                  <td class="passed not-optional highlight-on-hover text-center">
                    <div class= "highlight-on-hover">‚úì</div>
                    <div class="relative-pos">
                    </div>
                  </td>
                  <td class="passed not-optional highlight-on-hover text-center">
                    <div class= "highlight-on-hover">‚úì</div>
                    <div class="relative-pos">
                    </div>
                  </td>
              </tr>
              <tr class="at-risk">
                <!--This is the name of the test-->
                <td class="subtest">
                    MUST raise &#x60;invalidDid&#x60; if version is not convertible to a positive integer value
                </td>
                <!--These contain if the test passed, failed, or was skipped-->
                  <td class="failed not-optional highlight-on-hover text-center">
                    <div class= "highlight-on-hover">‚ùå</div>
                    <div class="relative-pos">
                      <details class="err hide">
                        <summary>expected &#x27;methodNotSupported&#x27; to equal &#x27;invalidDid&#x27;</summary>
                        <pre>AssertionError: expected &#x27;methodNotSupported&#x27; to equal &#x27;invalidDid&#x27;
                        at _shouldHaveMetadataError (file:///home/runner/work/did-key-test-suite/did-key-test-suite/tests/assertions.js:87:31)
                        at shouldHaveDidResolutionError (file:///home/runner/work/did-key-test-suite/did-key-test-suite/tests/assertions.js:40:10)
                        at Context.&lt;anonymous&gt; (file:///home/runner/work/did-key-test-suite/did-key-test-suite/tests/10-create.js:117:9)
                        at process.processTicksAndRejections (node:internal/process/task_queues:95:5)</pre>
                      </details>
                    </div>
                  </td>
                  <td class="passed not-optional highlight-on-hover text-center">
                    <div class= "highlight-on-hover">‚úì</div>
                    <div class="relative-pos">
                    </div>
                  </td>
                  <td class="failed not-optional highlight-on-hover text-center">
                    <div class= "highlight-on-hover">‚ùå</div>
                    <div class="relative-pos">
                      <details class="err hide">
                        <summary>Expected no response: expected Response { status: 200, statusText: &#x27;OK&#x27;, headers: Headers { date: &#x27;Sun, 01 Dec 2024 05:18:16 GMT&#x27;, &#x27;content-type&#x27;: &#x27;application/ld+json;profile&#x3D;&quot;https://w3id.org/did-resolution&quot;&#x27;, &#x27;content-length&#x27;: &#x27;34&#x27;, connection: &#x27;keep-alive&#x27;, &#x27;cf-cache-status&#x27;: &#x27;DYNAMIC&#x27;, server: &#x27;cloudflare&#x27;, &#x27;cf-ray&#x27;: &#x27;8eb09d9949517e2a-SJC&#x27;, Authorization: &#x27;** SANITIZED TO PREVENT EXPOSING OF SECRETS ***&#x27; }, body: ReadableStream { locked: false, state: &#x27;readable&#x27;, supportsBYOB: true }, bodyUsed: false, ok: true, redirected: false, type: &#x27;default&#x27;, url: &#x27;&#x27; } to not exist</summary>
                        <pre>AssertionError: Expected no response: expected Response { status: 200, statusText: &#x27;OK&#x27;, headers: Headers { date: &#x27;Sun, 01 Dec 2024 05:18:16 GMT&#x27;, &#x27;content-type&#x27;: &#x27;application/ld+json;profile&#x3D;&quot;https://w3id.org/did-resolution&quot;&#x27;, &#x27;content-length&#x27;: &#x27;34&#x27;, connection: &#x27;keep-alive&#x27;, &#x27;cf-cache-status&#x27;: &#x27;DYNAMIC&#x27;, server: &#x27;cloudflare&#x27;, &#x27;cf-ray&#x27;: &#x27;8eb09d9949517e2a-SJC&#x27;, Authorization: &#x27;** SANITIZED TO PREVENT EXPOSING OF SECRETS ***&#x27; }, body: ReadableStream { locked: false, state: &#x27;readable&#x27;, supportsBYOB: true }, bodyUsed: false, ok: true, redirected: false, type: &#x27;default&#x27;, url: &#x27;&#x27; } to not exist
                        at should.not.exist (node_modules/chai/lib/chai/interface/should.js:208:38)
                        at shouldErrorWithData (file:///home/runner/work/did-key-test-suite/did-key-test-suite/tests/assertions.js:34:14)
                        at Context.&lt;anonymous&gt; (file:///home/runner/work/did-key-test-suite/did-key-test-suite/tests/10-create.js:114:9)
                        at process.processTicksAndRejections (node:internal/process/task_queues:95:5)</pre>
                      </details>
                    </div>
                  </td>
              </tr>
              <tr class="confirmed">
                <!--This is the name of the test-->
                <td class="subtest">
                    The multibaseValue MUST be a string and begin with the letter &#x60;z&#x60;
                </td>
                <!--These contain if the test passed, failed, or was skipped-->
                  <td class="passed not-optional highlight-on-hover text-center">
                    <div class= "highlight-on-hover">‚úì</div>
                    <div class="relative-pos">
                    </div>
                  </td>
                  <td class="passed not-optional highlight-on-hover text-center">
                    <div class= "highlight-on-hover">‚úì</div>
                    <div class="relative-pos">
                    </div>
                  </td>
                  <td class="passed not-optional highlight-on-hover text-center">
                    <div class= "highlight-on-hover">‚úì</div>
                    <div class="relative-pos">
                    </div>
                  </td>
              </tr>
              <tr class="at-risk">
                <!--This is the name of the test-->
                <td class="subtest">
                    MUST raise &#x60;invalidDid&#x60; if the multibaseValue does not begin with the letter &#x60;z&#x60;
                </td>
                <!--These contain if the test passed, failed, or was skipped-->
                  <td class="failed not-optional highlight-on-hover text-center">
                    <div class= "highlight-on-hover">‚ùå</div>
                    <div class="relative-pos">
                      <details class="err hide">
                        <summary>expected &#x27;methodNotSupported&#x27; to equal &#x27;invalidDid&#x27;</summary>
                        <pre>AssertionError: expected &#x27;methodNotSupported&#x27; to equal &#x27;invalidDid&#x27;
                        at _shouldHaveMetadataError (file:///home/runner/work/did-key-test-suite/did-key-test-suite/tests/assertions.js:87:31)
                        at shouldHaveDidResolutionError (file:///home/runner/work/did-key-test-suite/did-key-test-suite/tests/assertions.js:40:10)
                        at Context.&lt;anonymous&gt; (file:///home/runner/work/did-key-test-suite/did-key-test-suite/tests/10-create.js:143:9)
                        at process.processTicksAndRejections (node:internal/process/task_queues:95:5)</pre>
                      </details>
                    </div>
                  </td>
                  <td class="passed not-optional highlight-on-hover text-center">
                    <div class= "highlight-on-hover">‚úì</div>
                    <div class="relative-pos">
                    </div>
                  </td>
                  <td class="failed not-optional highlight-on-hover text-center">
                    <div class= "highlight-on-hover">‚ùå</div>
                    <div class="relative-pos">
                      <details class="err hide">
                        <summary>Expected no response: expected Response { status: 200, statusText: &#x27;OK&#x27;, headers: Headers { date: &#x27;Sun, 01 Dec 2024 05:18:16 GMT&#x27;, &#x27;content-type&#x27;: &#x27;application/ld+json;profile&#x3D;&quot;https://w3id.org/did-resolution&quot;&#x27;, &#x27;content-length&#x27;: &#x27;34&#x27;, connection: &#x27;keep-alive&#x27;, &#x27;cf-cache-status&#x27;: &#x27;DYNAMIC&#x27;, server: &#x27;cloudflare&#x27;, &#x27;cf-ray&#x27;: &#x27;8eb09d99fa217e2a-SJC&#x27;, Authorization: &#x27;** SANITIZED TO PREVENT EXPOSING OF SECRETS ***&#x27; }, body: ReadableStream { locked: false, state: &#x27;readable&#x27;, supportsBYOB: true }, bodyUsed: false, ok: true, redirected: false, type: &#x27;default&#x27;, url: &#x27;&#x27; } to not exist</summary>
                        <pre>AssertionError: Expected no response: expected Response { status: 200, statusText: &#x27;OK&#x27;, headers: Headers { date: &#x27;Sun, 01 Dec 2024 05:18:16 GMT&#x27;, &#x27;content-type&#x27;: &#x27;application/ld+json;profile&#x3D;&quot;https://w3id.org/did-resolution&quot;&#x27;, &#x27;content-length&#x27;: &#x27;34&#x27;, connection: &#x27;keep-alive&#x27;, &#x27;cf-cache-status&#x27;: &#x27;DYNAMIC&#x27;, server: &#x27;cloudflare&#x27;, &#x27;cf-ray&#x27;: &#x27;8eb09d99fa217e2a-SJC&#x27;, Authorization: &#x27;** SANITIZED TO PREVENT EXPOSING OF SECRETS ***&#x27; }, body: ReadableStream { locked: false, state: &#x27;readable&#x27;, supportsBYOB: true }, bodyUsed: false, ok: true, redirected: false, type: &#x27;default&#x27;, url: &#x27;&#x27; } to not exist
                        at should.not.exist (node_modules/chai/lib/chai/interface/should.js:208:38)
                        at shouldErrorWithData (file:///home/runner/work/did-key-test-suite/did-key-test-suite/tests/assertions.js:34:14)
                        at Context.&lt;anonymous&gt; (file:///home/runner/work/did-key-test-suite/did-key-test-suite/tests/10-create.js:140:9)
                        at process.processTicksAndRejections (node:internal/process/task_queues:95:5)</pre>
                      </details>
                    </div>
                  </td>
              </tr>
              <tr class="at-risk">
                <!--This is the name of the test-->
                <td class="subtest">
                    If &quot;didDocument.id&quot; is not a valid DID, an &#x60;invalidDid&#x60; error MUST be raised
                </td>
                <!--These contain if the test passed, failed, or was skipped-->
                  <td class="failed not-optional highlight-on-hover text-center">
                    <div class= "highlight-on-hover">‚ùå</div>
                    <div class="relative-pos">
                      <details class="err hide">
                        <summary>Expected a didDocument: expected null to exist</summary>
                        <pre>AssertionError: Expected a didDocument: expected null to exist
                        at should.exist (node_modules/chai/lib/chai/interface/should.js:144:34)
                        at Context.&lt;anonymous&gt; (file:///home/runner/work/did-key-test-suite/did-key-test-suite/tests/10-create.js:163:16)
                        at process.processTicksAndRejections (node:internal/process/task_queues:95:5)</pre>
                      </details>
                    </div>
                  </td>
                  <td class="passed not-optional highlight-on-hover text-center">
                    <div class= "highlight-on-hover">‚úì</div>
                    <div class="relative-pos">
                    </div>
                  </td>
                  <td class="failed not-optional highlight-on-hover text-center">
                    <div class= "highlight-on-hover">‚ùå</div>
                    <div class="relative-pos">
                      <details class="err hide">
                        <summary>Expected resolution of did:key:@ to return a response: expected undefined to exist</summary>
                        <pre>AssertionError: Expected resolution of did:key:@ to return a response: expected undefined to exist
                        at should.exist (node_modules/chai/lib/chai/interface/should.js:144:34)
                        at Context.&lt;anonymous&gt; (file:///home/runner/work/did-key-test-suite/did-key-test-suite/tests/10-create.js:156:16)
                        at process.processTicksAndRejections (node:internal/process/task_queues:95:5)</pre>
                      </details>
                    </div>
                  </td>
              </tr>
              <tr class="at-risk">
                <!--This is the name of the test-->
                <td class="subtest">
                    If the byte length of rawPublicKeyBytes does not match the expected public key length for the associated multicodecValue, an &#x60;invalidPublicKeyLength&#x60; error MUST be raised
                </td>
                <!--These contain if the test passed, failed, or was skipped-->
                  <td class="failed not-optional highlight-on-hover text-center">
                    <div class= "highlight-on-hover">‚ùå</div>
                    <div class="relative-pos">
                      <details class="err hide">
                        <summary>expected &#x27;methodNotSupported&#x27; to equal &#x27;invalidPublicKeyLength&#x27;</summary>
                        <pre>AssertionError: expected &#x27;methodNotSupported&#x27; to equal &#x27;invalidPublicKeyLength&#x27;
                        at _shouldHaveMetadataError (file:///home/runner/work/did-key-test-suite/did-key-test-suite/tests/assertions.js:87:31)
                        at shouldHaveDidResolutionError (file:///home/runner/work/did-key-test-suite/did-key-test-suite/tests/assertions.js:40:10)
                        at Context.&lt;anonymous&gt; (file:///home/runner/work/did-key-test-suite/did-key-test-suite/tests/10-create.js:176:9)
                        at process.processTicksAndRejections (node:internal/process/task_queues:95:5)</pre>
                      </details>
                    </div>
                  </td>
                  <td class="passed not-optional highlight-on-hover text-center">
                    <div class= "highlight-on-hover">‚úì</div>
                    <div class="relative-pos">
                    </div>
                  </td>
                  <td class="failed not-optional highlight-on-hover text-center">
                    <div class= "highlight-on-hover">‚ùå</div>
                    <div class="relative-pos">
                      <details class="err hide">
                        <summary>Expected no response: expected Response { status: 200, statusText: &#x27;OK&#x27;, headers: Headers { date: &#x27;Sun, 01 Dec 2024 05:18:16 GMT&#x27;, &#x27;content-type&#x27;: &#x27;application/ld+json;profile&#x3D;&quot;https://w3id.org/did-resolution&quot;&#x27;, &#x27;transfer-encoding&#x27;: &#x27;chunked&#x27;, connection: &#x27;keep-alive&#x27;, &#x27;cf-cache-status&#x27;: &#x27;DYNAMIC&#x27;, server: &#x27;cloudflare&#x27;, &#x27;cf-ray&#x27;: &#x27;8eb09d9b2c197e2a-SJC&#x27;, &#x27;content-encoding&#x27;: &#x27;gzip&#x27;, Authorization: &#x27;** SANITIZED TO PREVENT EXPOSING OF SECRETS ***&#x27; }, body: ReadableStream { locked: false, state: &#x27;readable&#x27;, supportsBYOB: true }, bodyUsed: false, ok: true, redirected: false, type: &#x27;default&#x27;, url: &#x27;&#x27; } to not exist</summary>
                        <pre>AssertionError: Expected no response: expected Response { status: 200, statusText: &#x27;OK&#x27;, headers: Headers { date: &#x27;Sun, 01 Dec 2024 05:18:16 GMT&#x27;, &#x27;content-type&#x27;: &#x27;application/ld+json;profile&#x3D;&quot;https://w3id.org/did-resolution&quot;&#x27;, &#x27;transfer-encoding&#x27;: &#x27;chunked&#x27;, connection: &#x27;keep-alive&#x27;, &#x27;cf-cache-status&#x27;: &#x27;DYNAMIC&#x27;, server: &#x27;cloudflare&#x27;, &#x27;cf-ray&#x27;: &#x27;8eb09d9b2c197e2a-SJC&#x27;, &#x27;content-encoding&#x27;: &#x27;gzip&#x27;, Authorization: &#x27;** SANITIZED TO PREVENT EXPOSING OF SECRETS ***&#x27; }, body: ReadableStream { locked: false, state: &#x27;readable&#x27;, supportsBYOB: true }, bodyUsed: false, ok: true, redirected: false, type: &#x27;default&#x27;, url: &#x27;&#x27; } to not exist
                        at should.not.exist (node_modules/chai/lib/chai/interface/should.js:208:38)
                        at shouldErrorWithData (file:///home/runner/work/did-key-test-suite/did-key-test-suite/tests/assertions.js:34:14)
                        at Context.&lt;anonymous&gt; (file:///home/runner/work/did-key-test-suite/did-key-test-suite/tests/10-create.js:174:9)
                        at process.processTicksAndRejections (node:internal/process/task_queues:95:5)</pre>
                      </details>
                    </div>
                  </td>
              </tr>
              <tr class="at-risk">
                <!--This is the name of the test-->
                <td class="subtest">
                    If verificationMethod.id is not a valid DID URL, an &#x60;invalidDidUrl&#x60; error MUST be raised
                </td>
                <!--These contain if the test passed, failed, or was skipped-->
                  <td class="failed not-optional highlight-on-hover text-center">
                    <div class= "highlight-on-hover">‚ùå</div>
                    <div class="relative-pos">
                      <details class="err hide">
                        <summary>expected { ‚Ä¶(4) } to have property &#x27;didDocument&#x27;</summary>
                        <pre>AssertionError: expected { ‚Ä¶(4) } to have property &#x27;didDocument&#x27;
                        at shouldBeDidResolverResponse (file:///home/runner/work/did-key-test-suite/did-key-test-suite/tests/assertions.js:24:20)
                        at Context.&lt;anonymous&gt; (file:///home/runner/work/did-key-test-suite/did-key-test-suite/tests/10-create.js:201:9)
                        at process.processTicksAndRejections (node:internal/process/task_queues:95:5)</pre>
                      </details>
                    </div>
                  </td>
                  <td class="passed not-optional highlight-on-hover text-center">
                    <div class= "highlight-on-hover">‚úì</div>
                    <div class="relative-pos">
                    </div>
                  </td>
                  <td class="failed not-optional highlight-on-hover text-center">
                    <div class= "highlight-on-hover">‚ùå</div>
                    <div class="relative-pos">
                      <details class="err hide">
                        <summary>Expected an error with data: expected undefined to exist</summary>
                        <pre>AssertionError: Expected an error with data: expected undefined to exist
                        at should.exist (node_modules/chai/lib/chai/interface/should.js:144:34)
                        at shouldErrorWithData (file:///home/runner/work/did-key-test-suite/did-key-test-suite/tests/assertions.js:36:10)
                        at Context.&lt;anonymous&gt; (file:///home/runner/work/did-key-test-suite/did-key-test-suite/tests/10-create.js:200:9)
                        at process.processTicksAndRejections (node:internal/process/task_queues:95:5)</pre>
                      </details>
                    </div>
                  </td>
              </tr>
              <tr class="at-risk">
                <!--This is the name of the test-->
                <td class="subtest">
                    If publicKeyFormat is not known to the implementation, an &#x60;unsupportedPublicKeyType&#x60; error MUST be raised
                </td>
                <!--These contain if the test passed, failed, or was skipped-->
                  <td class="failed not-optional highlight-on-hover text-center">
                    <div class= "highlight-on-hover">‚ùå</div>
                    <div class="relative-pos">
                      <details class="err hide">
                        <summary>Expected no response: expected Response { status: 200, statusText: &#x27;OK&#x27;, headers: Headers { date: &#x27;Sun, 01 Dec 2024 05:18:14 GMT&#x27;, &#x27;content-type&#x27;: &#x27;application/ld+json;profile&#x3D;&quot;https://w3id.org/did-resolution&quot;;charset&#x3D;utf-8&#x27;, &#x27;transfer-encoding&#x27;: &#x27;chunked&#x27;, connection: &#x27;keep-alive&#x27;, &#x27;access-control-allow-origin&#x27;: &#x27;*&#x27;, Authorization: &#x27;** SANITIZED TO PREVENT EXPOSING OF SECRETS ***&#x27; }, body: ReadableStream { locked: false, state: &#x27;readable&#x27;, supportsBYOB: true }, bodyUsed: false, ok: true, redirected: false, type: &#x27;default&#x27;, url: &#x27;&#x27; } to not exist</summary>
                        <pre>AssertionError: Expected no response: expected Response { status: 200, statusText: &#x27;OK&#x27;, headers: Headers { date: &#x27;Sun, 01 Dec 2024 05:18:14 GMT&#x27;, &#x27;content-type&#x27;: &#x27;application/ld+json;profile&#x3D;&quot;https://w3id.org/did-resolution&quot;;charset&#x3D;utf-8&#x27;, &#x27;transfer-encoding&#x27;: &#x27;chunked&#x27;, connection: &#x27;keep-alive&#x27;, &#x27;access-control-allow-origin&#x27;: &#x27;*&#x27;, Authorization: &#x27;** SANITIZED TO PREVENT EXPOSING OF SECRETS ***&#x27; }, body: ReadableStream { locked: false, state: &#x27;readable&#x27;, supportsBYOB: true }, bodyUsed: false, ok: true, redirected: false, type: &#x27;default&#x27;, url: &#x27;&#x27; } to not exist
                        at should.not.exist (node_modules/chai/lib/chai/interface/should.js:208:38)
                        at shouldErrorWithData (file:///home/runner/work/did-key-test-suite/did-key-test-suite/tests/assertions.js:34:14)
                        at Context.&lt;anonymous&gt; (file:///home/runner/work/did-key-test-suite/did-key-test-suite/tests/10-create.js:214:9)
                        at process.processTicksAndRejections (node:internal/process/task_queues:95:5)</pre>
                      </details>
                    </div>
                  </td>
                  <td class="passed not-optional highlight-on-hover text-center">
                    <div class= "highlight-on-hover">‚úì</div>
                    <div class="relative-pos">
                    </div>
                  </td>
                  <td class="failed not-optional highlight-on-hover text-center">
                    <div class= "highlight-on-hover">‚ùå</div>
                    <div class="relative-pos">
                      <details class="err hide">
                        <summary>Expected no response: expected Response { status: 200, statusText: &#x27;OK&#x27;, headers: Headers { date: &#x27;Sun, 01 Dec 2024 05:18:17 GMT&#x27;, &#x27;content-type&#x27;: &#x27;application/ld+json;profile&#x3D;&quot;https://w3id.org/did-resolution&quot;&#x27;, &#x27;content-length&#x27;: &#x27;37&#x27;, connection: &#x27;keep-alive&#x27;, &#x27;cf-cache-status&#x27;: &#x27;DYNAMIC&#x27;, server: &#x27;cloudflare&#x27;, &#x27;cf-ray&#x27;: &#x27;8eb09d9c6dc77e2a-SJC&#x27;, Authorization: &#x27;** SANITIZED TO PREVENT EXPOSING OF SECRETS ***&#x27; }, body: ReadableStream { locked: false, state: &#x27;readable&#x27;, supportsBYOB: true }, bodyUsed: false, ok: true, redirected: false, type: &#x27;default&#x27;, url: &#x27;&#x27; } to not exist</summary>
                        <pre>AssertionError: Expected no response: expected Response { status: 200, statusText: &#x27;OK&#x27;, headers: Headers { date: &#x27;Sun, 01 Dec 2024 05:18:17 GMT&#x27;, &#x27;content-type&#x27;: &#x27;application/ld+json;profile&#x3D;&quot;https://w3id.org/did-resolution&quot;&#x27;, &#x27;content-length&#x27;: &#x27;37&#x27;, connection: &#x27;keep-alive&#x27;, &#x27;cf-cache-status&#x27;: &#x27;DYNAMIC&#x27;, server: &#x27;cloudflare&#x27;, &#x27;cf-ray&#x27;: &#x27;8eb09d9c6dc77e2a-SJC&#x27;, Authorization: &#x27;** SANITIZED TO PREVENT EXPOSING OF SECRETS ***&#x27; }, body: ReadableStream { locked: false, state: &#x27;readable&#x27;, supportsBYOB: true }, bodyUsed: false, ok: true, redirected: false, type: &#x27;default&#x27;, url: &#x27;&#x27; } to not exist
                        at should.not.exist (node_modules/chai/lib/chai/interface/should.js:208:38)
                        at shouldErrorWithData (file:///home/runner/work/did-key-test-suite/did-key-test-suite/tests/assertions.js:34:14)
                        at Context.&lt;anonymous&gt; (file:///home/runner/work/did-key-test-suite/did-key-test-suite/tests/10-create.js:214:9)
                        at process.processTicksAndRejections (node:internal/process/task_queues:95:5)</pre>
                      </details>
                    </div>
                  </td>
              </tr>
              <tr class="at-risk">
                <!--This is the name of the test-->
                <td class="subtest">
                    For Signature Verification Methods, if options.enableExperimentalPublicKeyTypes is set to false and publicKeyFormat is not Multikey, JsonWebKey2020, or Ed25519VerificationKey2020, an &#x60;invalidPublicKeyType&#x60; error MUST be raised
                </td>
                <!--These contain if the test passed, failed, or was skipped-->
                  <td class="failed not-optional highlight-on-hover text-center">
                    <div class= "highlight-on-hover">‚ùå</div>
                    <div class="relative-pos">
                      <details class="err hide">
                        <summary>Expected property didDereferencingMetadata to exist: expected undefined to exist</summary>
                        <pre>AssertionError: Expected property didDereferencingMetadata to exist: expected undefined to exist
                        at should.exist (node_modules/chai/lib/chai/interface/should.js:144:34)
                        at _shouldHaveMetadataError (file:///home/runner/work/did-key-test-suite/did-key-test-suite/tests/assertions.js:83:10)
                        at shouldHaveDidDereferencingError (file:///home/runner/work/did-key-test-suite/did-key-test-suite/tests/assertions.js:44:10)
                        at Context.&lt;anonymous&gt; (file:///home/runner/work/did-key-test-suite/did-key-test-suite/tests/10-create.js:232:9)
                        at process.processTicksAndRejections (node:internal/process/task_queues:95:5)</pre>
                      </details>
                    </div>
                  </td>
                  <td class="passed not-optional highlight-on-hover text-center">
                    <div class= "highlight-on-hover">‚úì</div>
                    <div class="relative-pos">
                    </div>
                  </td>
                  <td class="failed not-optional highlight-on-hover text-center">
                    <div class= "highlight-on-hover">‚ùå</div>
                    <div class="relative-pos">
                      <details class="err hide">
                        <summary>Expected no response: expected Response { status: 200, statusText: &#x27;OK&#x27;, headers: Headers { date: &#x27;Sun, 01 Dec 2024 05:18:17 GMT&#x27;, &#x27;content-type&#x27;: &#x27;application/ld+json;profile&#x3D;&quot;https://w3id.org/did-resolution&quot;&#x27;, &#x27;transfer-encoding&#x27;: &#x27;chunked&#x27;, connection: &#x27;keep-alive&#x27;, &#x27;cf-cache-status&#x27;: &#x27;DYNAMIC&#x27;, server: &#x27;cloudflare&#x27;, &#x27;cf-ray&#x27;: &#x27;8eb09d9d1eb67e2a-SJC&#x27;, &#x27;content-encoding&#x27;: &#x27;gzip&#x27;, Authorization: &#x27;** SANITIZED TO PREVENT EXPOSING OF SECRETS ***&#x27; }, body: ReadableStream { locked: false, state: &#x27;readable&#x27;, supportsBYOB: true }, bodyUsed: false, ok: true, redirected: false, type: &#x27;default&#x27;, url: &#x27;&#x27; } to not exist</summary>
                        <pre>AssertionError: Expected no response: expected Response { status: 200, statusText: &#x27;OK&#x27;, headers: Headers { date: &#x27;Sun, 01 Dec 2024 05:18:17 GMT&#x27;, &#x27;content-type&#x27;: &#x27;application/ld+json;profile&#x3D;&quot;https://w3id.org/did-resolution&quot;&#x27;, &#x27;transfer-encoding&#x27;: &#x27;chunked&#x27;, connection: &#x27;keep-alive&#x27;, &#x27;cf-cache-status&#x27;: &#x27;DYNAMIC&#x27;, server: &#x27;cloudflare&#x27;, &#x27;cf-ray&#x27;: &#x27;8eb09d9d1eb67e2a-SJC&#x27;, &#x27;content-encoding&#x27;: &#x27;gzip&#x27;, Authorization: &#x27;** SANITIZED TO PREVENT EXPOSING OF SECRETS ***&#x27; }, body: ReadableStream { locked: false, state: &#x27;readable&#x27;, supportsBYOB: true }, bodyUsed: false, ok: true, redirected: false, type: &#x27;default&#x27;, url: &#x27;&#x27; } to not exist
                        at should.not.exist (node_modules/chai/lib/chai/interface/should.js:208:38)
                        at shouldErrorWithData (file:///home/runner/work/did-key-test-suite/did-key-test-suite/tests/assertions.js:34:14)
                        at Context.&lt;anonymous&gt; (file:///home/runner/work/did-key-test-suite/did-key-test-suite/tests/10-create.js:231:9)
                        at process.processTicksAndRejections (node:internal/process/task_queues:95:5)</pre>
                      </details>
                    </div>
                  </td>
              </tr>
              <tr class="at-risk">
                <!--This is the name of the test-->
                <td class="subtest">
                    For Encryption Verification Methods, if options.enableExperimentalPublicKeyTypes is set to false and publicKeyFormat is not Multikey, JsonWebKey2020, or X25519KeyAgreementKey2020, an &#x60;invalidPublicKeyType&#x60; error MUST be raised
                </td>
                <!--These contain if the test passed, failed, or was skipped-->
                  <td class="failed not-optional highlight-on-hover text-center">
                    <div class= "highlight-on-hover">‚ùå</div>
                    <div class="relative-pos">
                      <details class="err hide">
                        <summary>Expected property didDereferencingMetadata to exist: expected undefined to exist</summary>
                        <pre>AssertionError: Expected property didDereferencingMetadata to exist: expected undefined to exist
                        at should.exist (node_modules/chai/lib/chai/interface/should.js:144:34)
                        at _shouldHaveMetadataError (file:///home/runner/work/did-key-test-suite/did-key-test-suite/tests/assertions.js:83:10)
                        at shouldHaveDidDereferencingError (file:///home/runner/work/did-key-test-suite/did-key-test-suite/tests/assertions.js:44:10)
                        at Context.&lt;anonymous&gt; (file:///home/runner/work/did-key-test-suite/did-key-test-suite/tests/10-create.js:249:9)
                        at process.processTicksAndRejections (node:internal/process/task_queues:95:5)</pre>
                      </details>
                    </div>
                  </td>
                  <td class="passed not-optional highlight-on-hover text-center">
                    <div class= "highlight-on-hover">‚úì</div>
                    <div class="relative-pos">
                    </div>
                  </td>
                  <td class="failed not-optional highlight-on-hover text-center">
                    <div class= "highlight-on-hover">‚ùå</div>
                    <div class="relative-pos">
                      <details class="err hide">
                        <summary>Expected no response: expected Response { status: 200, statusText: &#x27;OK&#x27;, headers: Headers { date: &#x27;Sun, 01 Dec 2024 05:18:17 GMT&#x27;, &#x27;content-type&#x27;: &#x27;application/ld+json;profile&#x3D;&quot;https://w3id.org/did-resolution&quot;&#x27;, &#x27;content-length&#x27;: &#x27;32&#x27;, connection: &#x27;keep-alive&#x27;, &#x27;cf-cache-status&#x27;: &#x27;DYNAMIC&#x27;, server: &#x27;cloudflare&#x27;, &#x27;cf-ray&#x27;: &#x27;8eb09d9dbf9f7e2a-SJC&#x27;, Authorization: &#x27;** SANITIZED TO PREVENT EXPOSING OF SECRETS ***&#x27; }, body: ReadableStream { locked: false, state: &#x27;readable&#x27;, supportsBYOB: true }, bodyUsed: false, ok: true, redirected: false, type: &#x27;default&#x27;, url: &#x27;&#x27; } to not exist</summary>
                        <pre>AssertionError: Expected no response: expected Response { status: 200, statusText: &#x27;OK&#x27;, headers: Headers { date: &#x27;Sun, 01 Dec 2024 05:18:17 GMT&#x27;, &#x27;content-type&#x27;: &#x27;application/ld+json;profile&#x3D;&quot;https://w3id.org/did-resolution&quot;&#x27;, &#x27;content-length&#x27;: &#x27;32&#x27;, connection: &#x27;keep-alive&#x27;, &#x27;cf-cache-status&#x27;: &#x27;DYNAMIC&#x27;, server: &#x27;cloudflare&#x27;, &#x27;cf-ray&#x27;: &#x27;8eb09d9dbf9f7e2a-SJC&#x27;, Authorization: &#x27;** SANITIZED TO PREVENT EXPOSING OF SECRETS ***&#x27; }, body: ReadableStream { locked: false, state: &#x27;readable&#x27;, supportsBYOB: true }, bodyUsed: false, ok: true, redirected: false, type: &#x27;default&#x27;, url: &#x27;&#x27; } to not exist
                        at should.not.exist (node_modules/chai/lib/chai/interface/should.js:208:38)
                        at shouldErrorWithData (file:///home/runner/work/did-key-test-suite/did-key-test-suite/tests/assertions.js:34:14)
                        at Context.&lt;anonymous&gt; (file:///home/runner/work/did-key-test-suite/did-key-test-suite/tests/10-create.js:248:9)
                        at process.processTicksAndRejections (node:internal/process/task_queues:95:5)</pre>
                      </details>
                    </div>
                  </td>
              </tr>
              <tr class="at-risk">
                <!--This is the name of the test-->
                <td class="subtest">
                    If verificationMethod.controller is not a valid DID, an &#x60;invalidDid&#x60; error MUST be raised
                </td>
                <!--These contain if the test passed, failed, or was skipped-->
                  <td class="failed not-optional highlight-on-hover text-center">
                    <div class= "highlight-on-hover">‚ùå</div>
                    <div class="relative-pos">
                      <details class="err hide">
                        <summary>Expected a result: expected undefined to exist</summary>
                        <pre>AssertionError: Expected a result: expected undefined to exist
                        at should.exist (node_modules/chai/lib/chai/interface/should.js:144:34)
                        at Context.&lt;anonymous&gt; (file:///home/runner/work/did-key-test-suite/did-key-test-suite/tests/10-create.js:260:16)
                        at process.processTicksAndRejections (node:internal/process/task_queues:95:5)</pre>
                      </details>
                    </div>
                  </td>
                  <td class="passed not-optional highlight-on-hover text-center">
                    <div class= "highlight-on-hover">‚úì</div>
                    <div class="relative-pos">
                    </div>
                  </td>
                  <td class="failed not-optional highlight-on-hover text-center">
                    <div class= "highlight-on-hover">‚ùå</div>
                    <div class="relative-pos">
                      <details class="err hide">
                        <summary>expected { Success: { ‚Ä¶(3) } } to have property &#x27;didDocument&#x27;</summary>
                        <pre>AssertionError: expected { Success: { ‚Ä¶(3) } } to have property &#x27;didDocument&#x27;
                        at shouldBeDidResolverResponse (file:///home/runner/work/did-key-test-suite/did-key-test-suite/tests/assertions.js:24:20)
                        at Context.&lt;anonymous&gt; (file:///home/runner/work/did-key-test-suite/did-key-test-suite/tests/10-create.js:262:9)
                        at process.processTicksAndRejections (node:internal/process/task_queues:95:5)</pre>
                      </details>
                    </div>
                  </td>
              </tr>
            </tbody>
            </table>
          </div>
          <div>
            <div class="flex-center">
              <div class="row">
              </div>
              <div class="">
              </div>
            </div>
          </div>
        </section>
        <section class="informative" id="At Risk">
          <h2>At Risk</h2>
          <div class="row">
            <table class="simple">
              <thead>
                <th width="20%">
                  <div class="text-right small-font">
                  Reason &#8658;
                  </div>
                  <div class="text-left small-font">
                  <span>&#8659;</span><span>Statement</span>
                  </div>
                </th>
                    <th class="no-wrap small-font text-center">At least 2 passing implementations</th>
                </thead>
              <tbody>
              <tr class="at-risk">
                <!--This is the name of the test-->
                <td class="subtest">
                    MUST raise &#x60;methodNotSupported&#x60; error if method is not &#x60;key&#x60;
                </td>
                <!--These contain if the test passed, failed, or was skipped-->
                  <td class="failed not-optional highlight-on-hover text-center">
                    <div class= "highlight-on-hover">‚ùå</div>
                    <div class="relative-pos">
                    </div>
                  </td>
              </tr>
              <tr class="at-risk">
                <!--This is the name of the test-->
                <td class="subtest">
                    MUST raise &#x60;invalidDid&#x60; if version is not convertible to a positive integer value
                </td>
                <!--These contain if the test passed, failed, or was skipped-->
                  <td class="failed not-optional highlight-on-hover text-center">
                    <div class= "highlight-on-hover">‚ùå</div>
                    <div class="relative-pos">
                    </div>
                  </td>
              </tr>
              <tr class="at-risk">
                <!--This is the name of the test-->
                <td class="subtest">
                    MUST raise &#x60;invalidDid&#x60; if the multibaseValue does not begin with the letter &#x60;z&#x60;
                </td>
                <!--These contain if the test passed, failed, or was skipped-->
                  <td class="failed not-optional highlight-on-hover text-center">
                    <div class= "highlight-on-hover">‚ùå</div>
                    <div class="relative-pos">
                    </div>
                  </td>
              </tr>
              <tr class="at-risk">
                <!--This is the name of the test-->
                <td class="subtest">
                    If &quot;didDocument.id&quot; is not a valid DID, an &#x60;invalidDid&#x60; error MUST be raised
                </td>
                <!--These contain if the test passed, failed, or was skipped-->
                  <td class="failed not-optional highlight-on-hover text-center">
                    <div class= "highlight-on-hover">‚ùå</div>
                    <div class="relative-pos">
                    </div>
                  </td>
              </tr>
              <tr class="at-risk">
                <!--This is the name of the test-->
                <td class="subtest">
                    If the byte length of rawPublicKeyBytes does not match the expected public key length for the associated multicodecValue, an &#x60;invalidPublicKeyLength&#x60; error MUST be raised
                </td>
                <!--These contain if the test passed, failed, or was skipped-->
                  <td class="failed not-optional highlight-on-hover text-center">
                    <div class= "highlight-on-hover">‚ùå</div>
                    <div class="relative-pos">
                    </div>
                  </td>
              </tr>
              <tr class="at-risk">
                <!--This is the name of the test-->
                <td class="subtest">
                    If verificationMethod.id is not a valid DID URL, an &#x60;invalidDidUrl&#x60; error MUST be raised
                </td>
                <!--These contain if the test passed, failed, or was skipped-->
                  <td class="failed not-optional highlight-on-hover text-center">
                    <div class= "highlight-on-hover">‚ùå</div>
                    <div class="relative-pos">
                    </div>
                  </td>
              </tr>
              <tr class="at-risk">
                <!--This is the name of the test-->
                <td class="subtest">
                    If publicKeyFormat is not known to the implementation, an &#x60;unsupportedPublicKeyType&#x60; error MUST be raised
                </td>
                <!--These contain if the test passed, failed, or was skipped-->
                  <td class="failed not-optional highlight-on-hover text-center">
                    <div class= "highlight-on-hover">‚ùå</div>
                    <div class="relative-pos">
                    </div>
                  </td>
              </tr>
              <tr class="at-risk">
                <!--This is the name of the test-->
                <td class="subtest">
                    For Signature Verification Methods, if options.enableExperimentalPublicKeyTypes is set to false and publicKeyFormat is not Multikey, JsonWebKey2020, or Ed25519VerificationKey2020, an &#x60;invalidPublicKeyType&#x60; error MUST be raised
                </td>
                <!--These contain if the test passed, failed, or was skipped-->
                  <td class="failed not-optional highlight-on-hover text-center">
                    <div class= "highlight-on-hover">‚ùå</div>
                    <div class="relative-pos">
                    </div>
                  </td>
              </tr>
              <tr class="at-risk">
                <!--This is the name of the test-->
                <td class="subtest">
                    For Encryption Verification Methods, if options.enableExperimentalPublicKeyTypes is set to false and publicKeyFormat is not Multikey, JsonWebKey2020, or X25519KeyAgreementKey2020, an &#x60;invalidPublicKeyType&#x60; error MUST be raised
                </td>
                <!--These contain if the test passed, failed, or was skipped-->
                  <td class="failed not-optional highlight-on-hover text-center">
                    <div class= "highlight-on-hover">‚ùå</div>
                    <div class="relative-pos">
                    </div>
                  </td>
              </tr>
              <tr class="at-risk">
                <!--This is the name of the test-->
                <td class="subtest">
                    If verificationMethod.controller is not a valid DID, an &#x60;invalidDid&#x60; error MUST be raised
                </td>
                <!--These contain if the test passed, failed, or was skipped-->
                  <td class="failed not-optional highlight-on-hover text-center">
                    <div class= "highlight-on-hover">‚ùå</div>
                    <div class="relative-pos">
                    </div>
                  </td>
              </tr>
            </tbody>
            </table>
          </div>
          <div>
            <div class="flex-center">
              <div class="row">
              </div>
              <div class="">
              </div>
            </div>
          </div>
        </section>
    </section>
  </body>
</html>
